Determining if the function fseek64 exists failed with the following output:
Change Dir: /home/phantom/codeql-root/apps/xpdf/build/CMakeFiles/CMakeTmp

Run Build Command(s):/usr/bin/make cmTC_f0ffc/fast && /usr/bin/make -f CMakeFiles/cmTC_f0ffc.dir/build.make CMakeFiles/cmTC_f0ffc.dir/build
make[1]: Entering directory '/home/phantom/codeql-root/apps/xpdf/build/CMakeFiles/CMakeTmp'
Building C object CMakeFiles/cmTC_f0ffc.dir/CheckFunctionExists.c.o
/usr/bin/cc   -DCHECK_FUNCTION_EXISTS=fseek64   -o CMakeFiles/cmTC_f0ffc.dir/CheckFunctionExists.c.o   -c /usr/share/cmake-3.16/Modules/CheckFunctionExists.c
Linking C executable cmTC_f0ffc
/usr/bin/cmake -E cmake_link_script CMakeFiles/cmTC_f0ffc.dir/link.txt --verbose=1
/usr/bin/cc  -DCHECK_FUNCTION_EXISTS=fseek64    -rdynamic CMakeFiles/cmTC_f0ffc.dir/CheckFunctionExists.c.o  -o cmTC_f0ffc 
/usr/bin/ld: CMakeFiles/cmTC_f0ffc.dir/CheckFunctionExists.c.o: in function `main':
CheckFunctionExists.c:(.text+0x14): undefined reference to `fseek64'
collect2: error: ld returned 1 exit status
make[1]: *** [CMakeFiles/cmTC_f0ffc.dir/build.make:87: cmTC_f0ffc] Error 1
make[1]: Leaving directory '/home/phantom/codeql-root/apps/xpdf/build/CMakeFiles/CMakeTmp'
make: *** [Makefile:121: cmTC_f0ffc/fast] Error 2



Determining if the function _fseeki64 exists failed with the following output:
Change Dir: /home/phantom/codeql-root/apps/xpdf/build/CMakeFiles/CMakeTmp

Run Build Command(s):/usr/bin/make cmTC_5d9ed/fast && /usr/bin/make -f CMakeFiles/cmTC_5d9ed.dir/build.make CMakeFiles/cmTC_5d9ed.dir/build
make[1]: Entering directory '/home/phantom/codeql-root/apps/xpdf/build/CMakeFiles/CMakeTmp'
Building C object CMakeFiles/cmTC_5d9ed.dir/CheckFunctionExists.c.o
/usr/bin/cc   -DCHECK_FUNCTION_EXISTS=_fseeki64   -o CMakeFiles/cmTC_5d9ed.dir/CheckFunctionExists.c.o   -c /usr/share/cmake-3.16/Modules/CheckFunctionExists.c
Linking C executable cmTC_5d9ed
/usr/bin/cmake -E cmake_link_script CMakeFiles/cmTC_5d9ed.dir/link.txt --verbose=1
/usr/bin/cc  -DCHECK_FUNCTION_EXISTS=_fseeki64    -rdynamic CMakeFiles/cmTC_5d9ed.dir/CheckFunctionExists.c.o  -o cmTC_5d9ed 
/usr/bin/ld: CMakeFiles/cmTC_5d9ed.dir/CheckFunctionExists.c.o: in function `main':
CheckFunctionExists.c:(.text+0x14): undefined reference to `_fseeki64'
collect2: error: ld returned 1 exit status
make[1]: *** [CMakeFiles/cmTC_5d9ed.dir/build.make:87: cmTC_5d9ed] Error 1
make[1]: Leaving directory '/home/phantom/codeql-root/apps/xpdf/build/CMakeFiles/CMakeTmp'
make: *** [Makefile:121: cmTC_5d9ed/fast] Error 2



Performing C SOURCE FILE Test CMAKE_HAVE_LIBC_PTHREAD failed with the following output:
Change Dir: /home/phantom/codeql-root/apps/xpdf/build/CMakeFiles/CMakeTmp

Run Build Command(s):/usr/bin/make cmTC_6dcb9/fast && /usr/bin/make -f CMakeFiles/cmTC_6dcb9.dir/build.make CMakeFiles/cmTC_6dcb9.dir/build
make[1]: Entering directory '/home/phantom/codeql-root/apps/xpdf/build/CMakeFiles/CMakeTmp'
Building C object CMakeFiles/cmTC_6dcb9.dir/src.c.o
/usr/bin/cc   -DCMAKE_HAVE_LIBC_PTHREAD   -o CMakeFiles/cmTC_6dcb9.dir/src.c.o   -c /home/phantom/codeql-root/apps/xpdf/build/CMakeFiles/CMakeTmp/src.c
Linking C executable cmTC_6dcb9
/usr/bin/cmake -E cmake_link_script CMakeFiles/cmTC_6dcb9.dir/link.txt --verbose=1
/usr/bin/cc  -DCMAKE_HAVE_LIBC_PTHREAD    -rdynamic CMakeFiles/cmTC_6dcb9.dir/src.c.o  -o cmTC_6dcb9 
/usr/bin/ld: CMakeFiles/cmTC_6dcb9.dir/src.c.o: in function `main':
src.c:(.text+0x46): undefined reference to `pthread_create'
/usr/bin/ld: src.c:(.text+0x52): undefined reference to `pthread_detach'
/usr/bin/ld: src.c:(.text+0x63): undefined reference to `pthread_join'
collect2: error: ld returned 1 exit status
make[1]: *** [CMakeFiles/cmTC_6dcb9.dir/build.make:87: cmTC_6dcb9] Error 1
make[1]: Leaving directory '/home/phantom/codeql-root/apps/xpdf/build/CMakeFiles/CMakeTmp'
make: *** [Makefile:121: cmTC_6dcb9/fast] Error 2


Source file was:
#include <pthread.h>

void* test_func(void* data)
{
  return data;
}

int main(void)
{
  pthread_t thread;
  pthread_create(&thread, NULL, test_func, NULL);
  pthread_detach(thread);
  pthread_join(thread, NULL);
  pthread_atfork(NULL, NULL, NULL);
  pthread_exit(NULL);

  return 0;
}

Determining if the function pthread_create exists in the pthreads failed with the following output:
Change Dir: /home/phantom/codeql-root/apps/xpdf/build/CMakeFiles/CMakeTmp

Run Build Command(s):/usr/bin/make cmTC_4ed74/fast && /usr/bin/make -f CMakeFiles/cmTC_4ed74.dir/build.make CMakeFiles/cmTC_4ed74.dir/build
make[1]: Entering directory '/home/phantom/codeql-root/apps/xpdf/build/CMakeFiles/CMakeTmp'
Building C object CMakeFiles/cmTC_4ed74.dir/CheckFunctionExists.c.o
/usr/bin/cc   -DCHECK_FUNCTION_EXISTS=pthread_create   -o CMakeFiles/cmTC_4ed74.dir/CheckFunctionExists.c.o   -c /usr/share/cmake-3.16/Modules/CheckFunctionExists.c
Linking C executable cmTC_4ed74
/usr/bin/cmake -E cmake_link_script CMakeFiles/cmTC_4ed74.dir/link.txt --verbose=1
/usr/bin/cc  -DCHECK_FUNCTION_EXISTS=pthread_create    -rdynamic CMakeFiles/cmTC_4ed74.dir/CheckFunctionExists.c.o  -o cmTC_4ed74  -lpthreads 
/usr/bin/ld: cannot find -lpthreads
collect2: error: ld returned 1 exit status
make[1]: *** [CMakeFiles/cmTC_4ed74.dir/build.make:87: cmTC_4ed74] Error 1
make[1]: Leaving directory '/home/phantom/codeql-root/apps/xpdf/build/CMakeFiles/CMakeTmp'
make: *** [Makefile:121: cmTC_4ed74/fast] Error 2



